<?xml version="1.0" encoding="UTF-8"?>
<testng-results skipped="0" failed="0" ignored="0" total="1" passed="1">
  <reporter-output>
  </reporter-output>
  <suite name="Suite" duration-ms="20570" started-at="2019-10-08T09:48:20 IST" finished-at="2019-10-08T09:48:41 IST">
    <groups>
    </groups>
    <test name="Test" duration-ms="20570" started-at="2019-10-08T09:48:20 IST" finished-at="2019-10-08T09:48:41 IST">
      <class name="TestCases.TC001_CreateLead">
        <test-method status="PASS" signature="setData()[pri:0, instance:TestCases.TC001_CreateLead@c0a365]" name="setData" is-config="true" duration-ms="22" started-at="2019-10-08T09:48:20 IST" finished-at="2019-10-08T09:48:20 IST">
          <reporter-output>
          </reporter-output>
        </test-method> <!-- setData -->
        <test-method status="PASS" signature="startapp(java.lang.String)[pri:0, instance:TestCases.TC001_CreateLead@c0a365]" name="startapp" is-config="true" duration-ms="6312" started-at="2019-10-08T09:48:21 IST" finished-at="2019-10-08T09:48:27 IST">
          <params>
            <param index="0">
              <value>
                <![CDATA[http:leaftaps.com/opentaps]]>
              </value>
            </param>
          </params>
          <reporter-output>
          </reporter-output>
        </test-method> <!-- startapp -->
        <test-method status="PASS" signature="createLead(java.lang.String, java.lang.String, java.lang.String, java.lang.String, java.lang.String)[pri:0, instance:TestCases.TC001_CreateLead@c0a365]" name="createLead" duration-ms="11438" started-at="2019-10-08T09:48:27 IST" data-provider="getdata" finished-at="2019-10-08T09:48:39 IST">
          <params>
            <param index="0">
              <value>
                <![CDATA[demosalesmanager]]>
              </value>
            </param>
            <param index="1">
              <value>
                <![CDATA[crmsfa]]>
              </value>
            </param>
            <param index="2">
              <value>
                <![CDATA[Vidhya]]>
              </value>
            </param>
            <param index="3">
              <value>
                <![CDATA[alagappan]]>
              </value>
            </param>
            <param index="4">
              <value>
                <![CDATA[cognizant]]>
              </value>
            </param>
          </params>
          <reporter-output>
          </reporter-output>
        </test-method> <!-- createLead -->
        <test-method status="PASS" signature="teardown()[pri:0, instance:TestCases.TC001_CreateLead@c0a365]" name="teardown" is-config="true" duration-ms="2106" started-at="2019-10-08T09:48:39 IST" finished-at="2019-10-08T09:48:41 IST">
          <reporter-output>
          </reporter-output>
        </test-method> <!-- teardown -->
      </class> <!-- TestCases.TC001_CreateLead -->
    </test> <!-- Test -->
  </suite> <!-- Suite -->
</testng-results>
